<?xml version="1.0" encoding="UTF-8"?>
<!-- Generated by org.testng.reporters.JUnitXMLReporter -->
<testsuite ignored="0" hostname="Kumars-MacBook-Air.local" failures="2" tests="3" name="Test" time="53.619" errors="0" timestamp="2025-03-07T19:25:57 IST">
  <testcase classname="testCases.TC003_LoginDDT" name="verifyLoginDDT" time="18.768"/>
  <testcase classname="testCases.TC003_LoginDDT" name="verifyLoginDDT" time="6.575">
    <failure type="java.lang.AssertionError" message="Login Failed... expected [true] but found [false]">
      <![CDATA[java.lang.AssertionError: Login Failed... expected [true] but found [false]
at testCases.TC003_LoginDDT.verifyLoginDDT(TC003_LoginDDT.java:33)
at java.base/java.util.ArrayList.forEach(ArrayList.java:1597)
... Removed 30 stack frames]]>
    </failure>
  </testcase> <!-- verifyLoginDDT -->
  <testcase classname="testCases.TC003_LoginDDT" name="verifyLoginDDT" time="3.348">
    <failure type="java.lang.AssertionError" message="Login Failed... expected [true] but found [false]">
      <![CDATA[java.lang.AssertionError: Login Failed... expected [true] but found [false]
at testCases.TC003_LoginDDT.verifyLoginDDT(TC003_LoginDDT.java:33)
at java.base/java.util.ArrayList.forEach(ArrayList.java:1597)
... Removed 30 stack frames]]>
    </failure>
  </testcase> <!-- verifyLoginDDT -->
</testsuite> <!-- Test -->
