<?xml version="1.0" encoding="UTF-8"?>
<testsuite xmlns:xsi="http://www.w3.org/2001/XMLSchema-instance" xsi:noNamespaceSchemaLocation="https://maven.apache.org/surefire/maven-surefire-plugin/xsd/surefire-test-report.xsd" version="3.0.2" name="TestSuite" time="18.513" tests="1" errors="0" skipped="0" failures="0">
  <properties>
[...]
</properties>
  <testcase name="verifyLogin" classname="testCases.TC002_LoginTest" time="6.246">
    <system-out><![CDATA[Current Date & Time is: 2025.02.20.13.53.48
Report Name is: Automation Test Report on- 2025.02.20.13.53.48.html
Report Path: /Users/thekumar/eclipse-workspace/Kapruka/reports/Automation Test Report on- 2025.02.20.13.53.48.html
Report Attached...
On Start Fininshed
Running on Local...
On Local Environment Browser Name is: firefox
Account Name Display Status is : true
]]></system-out>
    <system-err><![CDATA[Feb 20, 2025 1:53:53 PM org.openqa.selenium.firefox.FirefoxDriver <init>
WARNING: CDP support for Firefox is deprecated and will be removed in future versions. Please switch to WebDriver BiDi.
]]></system-err>
  </testcase>
</testsuite>